<?xml version="1.0" encoding="UTF-8"?>
<coverage generated="1773552238026" clover="3.2.0">
  <project timestamp="1773552238026" name="All files">
    <metrics statements="12" coveredstatements="12" conditionals="2" coveredconditionals="2" methods="8" coveredmethods="8" elements="22" coveredelements="22" complexity="0" loc="12" ncloc="12" packages="1" files="4" classes="4"/>
    <file name="Button.jsx" path="C:\Users\kodeeswaran.manju\Desktop\React-DailyWorkouts\src\13-mar\Button.jsx">
      <metrics statements="1" coveredstatements="1" conditionals="0" coveredconditionals="0" methods="1" coveredmethods="1"/>
      <line num="2" count="2" type="stmt"/>
    </file>
    <file name="Modal.jsx" path="C:\Users\kodeeswaran.manju\Desktop\React-DailyWorkouts\src\13-mar\Modal.jsx">
      <metrics statements="2" coveredstatements="2" conditionals="2" coveredconditionals="2" methods="1" coveredmethods="1"/>
      <line num="4" count="3" type="cond" truecount="2" falsecount="0"/>
      <line num="6" count="2" type="stmt"/>
    </file>
    <file name="UserForm.jsx" path="C:\Users\kodeeswaran.manju\Desktop\React-DailyWorkouts\src\13-mar\UserForm.jsx">
      <metrics statements="6" coveredstatements="6" conditionals="0" coveredconditionals="0" methods="4" coveredmethods="4"/>
      <line num="4" count="59" type="stmt"/>
      <line num="12" count="56" type="stmt"/>
      <line num="14" count="56" type="stmt"/>
      <line num="21" count="1" type="stmt"/>
      <line num="22" count="1" type="stmt"/>
      <line num="25" count="59" type="stmt"/>
    </file>
    <file name="UserTable.jsx" path="C:\Users\kodeeswaran.manju\Desktop\React-DailyWorkouts\src\13-mar\UserTable.jsx">
      <metrics statements="3" coveredstatements="3" conditionals="0" coveredconditionals="0" methods="2" coveredmethods="2"/>
      <line num="3" count="1" type="stmt"/>
      <line num="10" count="3" type="stmt"/>
      <line num="23" count="9" type="stmt"/>
    </file>
  </project>
</coverage>
