{"C:\\Users\\kodeeswaran.manju\\Desktop\\React-DailyWorkouts\\src\\13-mar\\Button.jsx": {"path":"C:\\Users\\kodeeswaran.manju\\Desktop\\React-DailyWorkouts\\src\\13-mar\\Button.jsx","statementMap":{"0":{"start":{"line":2,"column":2},"end":{"line":6,"column":4}}},"fnMap":{"0":{"name":"Button","decl":{"start":{"line":1,"column":24},"end":{"line":1,"column":30}},"loc":{"start":{"line":1,"column":51},"end":{"line":7,"column":1}},"line":1}},"branchMap":{},"s":{"0":2},"f":{"0":2},"b":{},"_coverageSchema":"1a1c01bbd47fc00a2c39e90264f33305004495a9","hash":"b98f50b6cbe0b53686ea6a667d51a25ac25ccf26"}
,"C:\\Users\\kodeeswaran.manju\\Desktop\\React-DailyWorkouts\\src\\13-mar\\Modal.jsx": {"path":"C:\\Users\\kodeeswaran.manju\\Desktop\\React-DailyWorkouts\\src\\13-mar\\Modal.jsx","statementMap":{"0":{"start":{"line":4,"column":2},"end":{"line":4,"column":27}},"1":{"start":{"line":4,"column":15},"end":{"line":4,"column":27}},"2":{"start":{"line":6,"column":2},"end":{"line":16,"column":4}}},"fnMap":{"0":{"name":"Modal","decl":{"start":{"line":3,"column":9},"end":{"line":3,"column":14}},"loc":{"start":{"line":3,"column":46},"end":{"line":17,"column":1}},"line":3}},"branchMap":{"0":{"loc":{"start":{"line":4,"column":2},"end":{"line":4,"column":27}},"type":"if","locations":[{"start":{"line":4,"column":2},"end":{"line":4,"column":27}},{"start":{},"end":{}}],"line":4}},"s":{"0":3,"1":1,"2":2},"f":{"0":3},"b":{"0":[1,2]},"_coverageSchema":"1a1c01bbd47fc00a2c39e90264f33305004495a9","hash":"7cf3b1a8126e5d5d67007eda342198d8925f464c"}
,"C:\\Users\\kodeeswaran.manju\\Desktop\\React-DailyWorkouts\\src\\13-mar\\UserForm.jsx": {"path":"C:\\Users\\kodeeswaran.manju\\Desktop\\React-DailyWorkouts\\src\\13-mar\\UserForm.jsx","statementMap":{"0":{"start":{"line":4,"column":34},"end":{"line":9,"column":4}},"1":{"start":{"line":12,"column":28},"end":{"line":12,"column":36}},"2":{"start":{"line":14,"column":4},"end":{"line":17,"column":8}},"3":{"start":{"line":14,"column":27},"end":{"line":17,"column":5}},"4":{"start":{"line":21,"column":4},"end":{"line":21,"column":23}},"5":{"start":{"line":22,"column":4},"end":{"line":22,"column":23}},"6":{"start":{"line":25,"column":2},"end":{"line":68,"column":4}}},"fnMap":{"0":{"name":"UserForm","decl":{"start":{"line":3,"column":9},"end":{"line":3,"column":17}},"loc":{"start":{"line":3,"column":32},"end":{"line":69,"column":1}},"line":3},"1":{"name":"handleChange","decl":{"start":{"line":11,"column":11},"end":{"line":11,"column":23}},"loc":{"start":{"line":11,"column":27},"end":{"line":18,"column":3}},"line":11},"2":{"name":"(anonymous_2)","decl":{"start":{"line":14,"column":16},"end":{"line":14,"column":17}},"loc":{"start":{"line":14,"column":27},"end":{"line":17,"column":5}},"line":14},"3":{"name":"handleSubmit","decl":{"start":{"line":20,"column":11},"end":{"line":20,"column":23}},"loc":{"start":{"line":20,"column":27},"end":{"line":23,"column":3}},"line":20}},"branchMap":{},"s":{"0":59,"1":56,"2":56,"3":56,"4":1,"5":1,"6":59},"f":{"0":59,"1":56,"2":56,"3":1},"b":{},"_coverageSchema":"1a1c01bbd47fc00a2c39e90264f33305004495a9","hash":"b1a19e3744da865910b28b33913bd1973bbbf8dd"}
,"C:\\Users\\kodeeswaran.manju\\Desktop\\React-DailyWorkouts\\src\\13-mar\\UserTable.jsx": {"path":"C:\\Users\\kodeeswaran.manju\\Desktop\\React-DailyWorkouts\\src\\13-mar\\UserTable.jsx","statementMap":{"0":{"start":{"line":3,"column":14},"end":{"line":7,"column":1}},"1":{"start":{"line":10,"column":2},"end":{"line":32,"column":4}},"2":{"start":{"line":23,"column":10},"end":{"line":28,"column":15}}},"fnMap":{"0":{"name":"UserTable","decl":{"start":{"line":9,"column":9},"end":{"line":9,"column":18}},"loc":{"start":{"line":9,"column":21},"end":{"line":33,"column":1}},"line":9},"1":{"name":"(anonymous_1)","decl":{"start":{"line":22,"column":19},"end":{"line":22,"column":20}},"loc":{"start":{"line":23,"column":10},"end":{"line":28,"column":15}},"line":23}},"branchMap":{},"s":{"0":1,"1":3,"2":9},"f":{"0":3,"1":9},"b":{},"_coverageSchema":"1a1c01bbd47fc00a2c39e90264f33305004495a9","hash":"ed5fdf79452455ac02c74102a7bfc5bdd7cf388e"}
}
