TN:
SF:src\13-mar\Button.jsx
FN:1,Button
FNF:1
FNH:1
FNDA:2,Button
DA:2,2
LF:1
LH:1
BRF:0
BRH:0
end_of_record
TN:
SF:src\13-mar\Modal.jsx
FN:3,Modal
FNF:1
FNH:1
FNDA:3,Modal
DA:4,3
DA:6,2
LF:2
LH:2
BRDA:4,0,0,1
BRDA:4,0,1,2
BRF:2
BRH:2
end_of_record
TN:
SF:src\13-mar\UserForm.jsx
FN:3,UserForm
FN:11,handleChange
FN:14,(anonymous_2)
FN:20,handleSubmit
FNF:4
FNH:4
FNDA:59,UserForm
FNDA:56,handleChange
FNDA:56,(anonymous_2)
FNDA:1,handleSubmit
DA:4,59
DA:12,56
DA:14,56
DA:21,1
DA:22,1
DA:25,59
LF:6
LH:6
BRF:0
BRH:0
end_of_record
TN:
SF:src\13-mar\UserTable.jsx
FN:9,UserTable
FN:22,(anonymous_1)
FNF:2
FNH:2
FNDA:3,UserTable
FNDA:9,(anonymous_1)
DA:3,1
DA:10,3
DA:23,9
LF:3
LH:3
BRF:0
BRH:0
end_of_record
